2025/01/18 16:40:02 New USB drive detected: /media/mfarouk/E7EF-F1D6
2025/01/18 16:48:18 New USB drive detected: /media/mfarouk/E7EF-F1D6
2025/01/18 16:50:22 New USB drive detected: /media/mfarouk/blue stick
2025/01/18 16:53:08 New USB drive detected: /media/mfarouk/blue stick
2025/01/18 16:53:14 USB drive removed: /media/mfarouk/blue stick
2025/01/18 16:53:20 New USB drive detected: /media/mfarouk/blue stick
2025/01/18 16:53:26 USB drive removed: /media/mfarouk/blue stick
2025/01/18 16:53:48 New USB drive detected: /media/mfarouk/USB STICK
2025/01/18 16:54:05 New USB drive detected: /media/mfarouk/blue stick
2025/01/18 16:54:17 USB drive removed: /media/mfarouk/blue stick
2025/01/18 16:54:27 USB drive removed: /media/mfarouk/USB STICK
2025/01/18 16:54:33 New USB drive detected: /media/mfarouk/USB STICK
2025/01/18 16:54:35 USB drive removed: /media/mfarouk/USB STICK
2025/01/18 17:01:02 New USB drive detected: /media/mfarouk/big usb
2025/01/18 17:01:20 New USB drive detected: /media/mfarouk/blue stick
2025/01/18 17:01:44 USB drive removed: /media/mfarouk/blue stick
2025/01/18 17:01:46 USB drive removed: /media/mfarouk/big usb
2025/01/18 17:03:10 New USB drive detected: /media/mfarouk/big usb
2025/01/18 17:03:28 New USB drive detected: /media/mfarouk/blue stick
2025/01/18 17:03:40 USB drive removed: /media/mfarouk/blue stick
2025/01/18 17:03:42 USB drive removed: /media/mfarouk/big usb
2025/01/18 17:05:11 New USB drive detected: /media/mfarouk/big usb
2025/01/18 17:09:21 New USB drive detected: /media/mfarouk/big usb
2025/01/18 17:09:52 New USB drive detected: /media/mfarouk/big usb
